<?xml version="1.0" encoding="UTF-8"?>
<!-- Generated by org.testng.reporters.JUnitReportReporter -->
<testsuite skipped="0" hostname="DESKTOP-KTC6KAA" name="com.herokuapp.theinternet.HerokuAppAssert" tests="1" failures="0" timestamp="30 Aug 2020 05:32:35 GMT" time="7.601" errors="0">
  <testcase name="loginTest" time="7.601" classname="com.herokuapp.theinternet.HerokuAppAssert"/>
</testsuite> <!-- com.herokuapp.theinternet.HerokuAppAssert -->
