<?xml version="1.0" encoding="UTF-8"?>
<!-- Generated by org.testng.reporters.JUnitReportReporter -->
<testsuite skipped="0" hostname="DESKTOP-KTC6KAA" name="com.facebook.login.FacebookLogin" tests="1" failures="0" timestamp="30 Aug 2020 08:12:35 GMT" time="4.796" errors="0">
  <testcase name="fillForm" time="4.796" classname="com.facebook.login.FacebookLogin"/>
</testsuite> <!-- com.facebook.login.FacebookLogin -->
