<?xml version="1.0" encoding="UTF-8"?>
<!-- Generated by org.testng.reporters.JUnitReportReporter -->
<testsuite skipped="0" hostname="DESKTOP-KTC6KAA" name="com.herokuapp.theinternet.GoogleTest" tests="1" failures="0" timestamp="29 Aug 2020 09:48:41 GMT" time="14.712" errors="0">
  <testcase name="googleTest" time="14.712" classname="com.herokuapp.theinternet.GoogleTest"/>
</testsuite> <!-- com.herokuapp.theinternet.GoogleTest -->
