<?xml version="1.0" encoding="UTF-8"?>
<!-- Generated by org.testng.reporters.JUnitReportReporter -->
<testsuite skipped="0" hostname="DESKTOP-KTC6KAA" name="com.herokuapp.theinternet.FreeCrm" tests="1" failures="0" timestamp="28 Aug 2020 16:04:25 GMT" time="13.043" errors="0">
  <testcase name="loginTest" time="13.043" classname="com.herokuapp.theinternet.FreeCrm"/>
</testsuite> <!-- com.herokuapp.theinternet.FreeCrm -->
